{
  "RSpec": {
    "coverage": {
      "/Users/Noj/Development/code/tic-tac-toe-rb-q-000/lib/tic_tac_toe.rb": [
        1,
        null,
        null,
        null,
        null,
        null,
        null,
        null,
        null,
        null,
        null,
        1,
        24,
        24,
        24,
        24,
        24,
        null,
        null,
        1,
        21,
        null,
        null,
        1,
        169,
        null,
        null,
        1,
        23,
        23,
        null,
        null,
        1,
        21,
        21,
        189,
        31,
        null,
        null,
        21,
        null,
        null,
        1,
        20,
        null,
        null,
        1,
        19,
        20,
        20,
        20,
        19,
        19,
        19,
        null,
        1,
        null,
        null,
        null,
        null,
        1,
        66,
        66,
        1343,
        24,
        null,
        1168,
        7,
        null,
        null,
        66,
        28,
        null,
        38,
        null,
        null,
        null,
        1,
        33,
        144,
        null,
        null,
        null,
        1,
        23,
        null,
        null,
        1,
        21,
        null,
        null,
        1,
        7,
        6,
        null,
        null,
        null,
        1,
        12,
        17,
        null,
        12,
        5,
        null,
        12,
        3,
        null,
        null
      ]
    },
    "timestamp": 1453595362
  }
}
